TN:
SF:src/controllers/auth.controller.ts
FN:8,(anonymous_7)
FN:12,(anonymous_8)
FN:12,(anonymous_9)
FN:26,(anonymous_10)
FN:26,(anonymous_11)
FNF:5
FNH:3
FNDA:2,(anonymous_7)
FNDA:2,(anonymous_8)
FNDA:2,(anonymous_9)
FNDA:0,(anonymous_10)
FNDA:0,(anonymous_11)
DA:2,1
DA:5,1
DA:9,2
DA:12,2
DA:13,2
DA:14,2
DA:15,2
DA:16,1
DA:18,1
DA:19,1
DA:21,0
DA:26,2
DA:27,0
DA:28,0
DA:29,0
DA:30,0
DA:32,0
DA:33,0
DA:35,0
LF:19
LH:11
BRDA:18,0,0,1
BRDA:18,0,1,0
BRDA:32,1,0,0
BRDA:32,1,1,0
BRF:4
BRH:1
end_of_record
TN:
SF:src/services/auth.service.ts
FN:9,(anonymous_8)
FN:13,(anonymous_9)
FN:43,(anonymous_11)
FNF:3
FNH:0
FNDA:0,(anonymous_8)
FNDA:0,(anonymous_9)
FNDA:0,(anonymous_11)
DA:1,1
DA:2,1
DA:3,1
DA:6,1
DA:10,0
DA:14,0
DA:16,0
DA:20,0
DA:21,0
DA:24,0
DA:26,0
DA:40,0
DA:44,0
DA:48,0
DA:49,0
DA:52,0
DA:53,0
DA:54,0
DA:57,0
DA:63,0
LF:20
LH:4
BRDA:20,0,0,0
BRDA:48,1,0,0
BRDA:53,2,0,0
BRDA:59,3,0,0
BRDA:59,3,1,0
BRF:5
BRH:0
end_of_record
TN:
SF:src/services/task.service.ts
FN:7,(anonymous_7)
FN:11,(anonymous_8)
FN:31,(anonymous_10)
FN:50,(anonymous_12)
FN:73,(anonymous_14)
FN:101,(anonymous_16)
FNF:6
FNH:5
FNDA:6,(anonymous_7)
FNDA:1,(anonymous_8)
FNDA:1,(anonymous_10)
FNDA:0,(anonymous_12)
FNDA:2,(anonymous_14)
FNDA:2,(anonymous_16)
DA:1,1
DA:4,1
DA:8,6
DA:12,1
DA:28,1
DA:32,1
DA:47,1
DA:51,0
DA:66,0
DA:67,0
DA:70,0
DA:74,2
DA:81,2
DA:82,1
DA:85,1
DA:98,1
DA:102,2
DA:109,2
DA:110,1
DA:113,1
DA:117,1
LF:21
LH:17
BRDA:66,0,0,0
BRDA:81,1,0,1
BRDA:109,2,0,1
BRF:3
BRH:2
end_of_record
